# JRE version: OpenJDK Runtime Environment Temurin-21.0.10+7 (21.0.10+7) (build 21.0.10+7-LTS)
# Java VM: OpenJDK 64-Bit Server VM Temurin-21.0.10+7 (21.0.10+7-LTS, mixed mode, sharing, tiered, compressed oops, compressed class ptrs, g1 gc, windows-amd64)
GC Precious Log:
 CardTable entry size: 512
 Card Set container configuration: InlinePtr #cards 5 size 8 Array Of Cards #cards 12 size 40 Howl #buckets 4 coarsen threshold 1843 Howl Bitmap #cards 512 size 80 coarsen threshold 460 Card regions per heap region 1 cards per card region 2048
 CPUs: 8 total, 8 available
 Memory: 24243M
 Large Page Support: Disabled
 NUMA Support: Disabled
 Compressed Oops: Enabled (32-bit)
 Heap Region Size: 1M
 Heap Min Capacity: 256M
 Heap Initial Capacity: 256M
 Heap Max Capacity: 512M
 Pre-touch: Disabled
 Parallel Workers: 8
 Concurrent Workers: 2
 Concurrent Refinement Workers: 8
 Periodic GC: Disabled
Heap:
 garbage-first heap   total 262144K, used 192343K [0x00000000e0000000, 0x0000000100000000)
  region size 1024K, 144 young (147456K), 18 survivors (18432K)
 Metaspace       used 77830K, committed 79936K, reserved 458752K
  class space    used 11186K, committed 12224K, reserved 327680K
GC Heap History (20 events):
Event: 0.742 GC heap before
{Heap before GC invocations=0 (full 0):
 garbage-first heap   total 262144K, used 26624K [0x00000000e0000000, 0x0000000100000000)
  region size 1024K, 23 young (23552K), 0 survivors (0K)
 Metaspace       used 1127K, committed 1216K, reserved 393216K
  class space    used 86K, committed 128K, reserved 327680K
}
Event: 0.754 GC heap after
{Heap after GC invocations=1 (full 0):
 garbage-first heap   total 262144K, used 10670K [0x00000000e0000000, 0x0000000100000000)
  region size 1024K, 3 young (3072K), 3 survivors (3072K)
 Metaspace       used 1127K, committed 1216K, reserved 393216K
  class space    used 86K, committed 128K, reserved 327680K
}
Event: 1.500 GC heap before
{Heap before GC invocations=1 (full 0):
 garbage-first heap   total 262144K, used 41390K [0x00000000e0000000, 0x0000000100000000)
  region size 1024K, 33 young (33792K), 3 survivors (3072K)
 Metaspace       used 4287K, committed 4480K, reserved 393216K
  class space    used 547K, committed 640K, reserved 327680K
}
Event: 1.504 GC heap after
{Heap after GC invocations=2 (full 0):
 garbage-first heap   total 262144K, used 12270K [0x00000000e0000000, 0x0000000100000000)
  region size 1024K, 2 young (2048K), 2 survivors (2048K)
 Metaspace       used 4287K, committed 4480K, reserved 393216K
  class space    used 547K, committed 640K, reserved 327680K
}
Event: 4.397 GC heap before
{Heap before GC invocations=2 (full 0):
 garbage-first heap   total 262144K, used 143342K [0x00000000e0000000, 0x0000000100000000)
  region size 1024K, 129 young (132096K), 2 survivors (2048K)
 Metaspace       used 20739K, committed 21504K, reserved 393216K
  class space    used 3063K, committed 3456K, reserved 327680K
}
Event: 4.411 GC heap after
{Heap after GC invocations=3 (full 0):
 garbage-first heap   total 262144K, used 25173K [0x00000000e0000000, 0x0000000100000000)
  region size 1024K, 14 young (14336K), 14 survivors (14336K)
 Metaspace       used 20739K, committed 21504K, reserved 393216K
  class space    used 3063K, committed 3456K, reserved 327680K
}
Event: 6.844 GC heap before
{Heap before GC invocations=4 (full 0):
 garbage-first heap   total 262144K, used 117333K [0x00000000e0000000, 0x0000000100000000)
  region size 1024K, 106 young (108544K), 14 survivors (14336K)
 Metaspace       used 34805K, committed 35968K, reserved 393216K
  class space    used 5150K, committed 5696K, reserved 327680K
}
Event: 6.857 GC heap after
{Heap after GC invocations=5 (full 0):
 garbage-first heap   total 262144K, used 31996K [0x00000000e0000000, 0x0000000100000000)
  region size 1024K, 7 young (7168K), 7 survivors (7168K)
 Metaspace       used 34805K, committed 35968K, reserved 393216K
  class space    used 5150K, committed 5696K, reserved 327680K
}
Event: 6.876 GC heap before
{Heap before GC invocations=5 (full 0):
 garbage-first heap   total 262144K, used 31996K [0x00000000e0000000, 0x0000000100000000)
  region size 1024K, 8 young (8192K), 7 survivors (7168K)
 Metaspace       used 35040K, committed 36288K, reserved 393216K
  class space    used 5175K, committed 5824K, reserved 327680K
}
Event: 6.881 GC heap after
{Heap after GC invocations=6 (full 0):
 garbage-first heap   total 262144K, used 32724K [0x00000000e0000000, 0x0000000100000000)
  region size 1024K, 7 young (7168K), 7 survivors (7168K)
 Metaspace       used 35040K, committed 36288K, reserved 393216K
  class space    used 5175K, committed 5824K, reserved 327680K
}
Event: 6.980 GC heap before
{Heap before GC invocations=6 (full 0):
 garbage-first heap   total 262144K, used 34772K [0x00000000e0000000, 0x0000000100000000)
  region size 1024K, 11 young (11264K), 7 survivors (7168K)
 Metaspace       used 35350K, committed 36608K, reserved 393216K
  class space    used 5200K, committed 5824K, reserved 327680K
}
Event: 6.986 GC heap after
{Heap after GC invocations=7 (full 0):
 garbage-first heap   total 262144K, used 33362K [0x00000000e0000000, 0x0000000100000000)
  region size 1024K, 8 young (8192K), 8 survivors (8192K)
 Metaspace       used 35350K, committed 36608K, reserved 393216K
  class space    used 5200K, committed 5824K, reserved 327680K
}
Event: 9.214 GC heap before
{Heap before GC invocations=8 (full 0):
 garbage-first heap   total 262144K, used 187986K [0x00000000e0000000, 0x0000000100000000)
  region size 1024K, 153 young (156672K), 8 survivors (8192K)
 Metaspace       used 49884K, committed 51520K, reserved 393216K
  class space    used 7247K, committed 8064K, reserved 327680K
}
Event: 9.226 GC heap after
{Heap after GC invocations=9 (full 0):
 garbage-first heap   total 262144K, used 41082K [0x00000000e0000000, 0x0000000100000000)
  region size 1024K, 15 young (15360K), 15 survivors (15360K)
 Metaspace       used 49884K, committed 51520K, reserved 393216K
  class space    used 7247K, committed 8064K, reserved 327680K
}
Event: 11.096 GC heap before
{Heap before GC invocations=9 (full 0):
 garbage-first heap   total 262144K, used 153722K [0x00000000e0000000, 0x0000000100000000)
  region size 1024K, 120 young (122880K), 15 survivors (15360K)
 Metaspace       used 59381K, committed 61248K, reserved 393216K
  class space    used 8683K, committed 9600K, reserved 327680K
}
Event: 11.116 GC heap after
{Heap after GC invocations=10 (full 0):
 garbage-first heap   total 262144K, used 53991K [0x00000000e0000000, 0x0000000100000000)
  region size 1024K, 16 young (16384K), 16 survivors (16384K)
 Metaspace       used 59381K, committed 61248K, reserved 393216K
  class space    used 8683K, committed 9600K, reserved 327680K
}
Event: 11.158 GC heap before
{Heap before GC invocations=10 (full 0):
 garbage-first heap   total 262144K, used 55015K [0x00000000e0000000, 0x0000000100000000)
  region size 1024K, 18 young (18432K), 16 survivors (16384K)
 Metaspace       used 59669K, committed 61568K, reserved 393216K
  class space    used 8712K, committed 9664K, reserved 327680K
}
Event: 11.171 GC heap after
{Heap after GC invocations=11 (full 0):
 garbage-first heap   total 262144K, used 54810K [0x00000000e0000000, 0x0000000100000000)
  region size 1024K, 9 young (9216K), 9 survivors (9216K)
 Metaspace       used 59669K, committed 61568K, reserved 393216K
  class space    used 8712K, committed 9664K, reserved 327680K
}
Event: 14.590 GC heap before
{Heap before GC invocations=12 (full 0):
 garbage-first heap   total 262144K, used 200218K [0x00000000e0000000, 0x0000000100000000)
  region size 1024K, 152 young (155648K), 9 survivors (9216K)
 Metaspace       used 73711K, committed 75712K, reserved 393216K
  class space    used 10597K, committed 11584K, reserved 327680K
}
Event: 14.604 GC heap after
{Heap after GC invocations=13 (full 0):
 garbage-first heap   total 262144K, used 64343K [0x00000000e0000000, 0x0000000100000000)
  region size 1024K, 18 young (18432K), 18 survivors (18432K)
 Metaspace       used 73711K, committed 75712K, reserved 393216K
  class space    used 10597K, committed 11584K, reserved 327680K
}

