# JRE version: OpenJDK Runtime Environment Temurin-21.0.10+7 (21.0.10+7) (build 21.0.10+7-LTS)
# Java VM: OpenJDK 64-Bit Server VM Temurin-21.0.10+7 (21.0.10+7-LTS, mixed mode, sharing, tiered, compressed oops, compressed class ptrs, g1 gc, windows-amd64)
GC Precious Log:
 CardTable entry size: 512
 Card Set container configuration: InlinePtr #cards 5 size 8 Array Of Cards #cards 12 size 40 Howl #buckets 4 coarsen threshold 1843 Howl Bitmap #cards 512 size 80 coarsen threshold 460 Card regions per heap region 1 cards per card region 2048
 CPUs: 8 total, 8 available
 Memory: 24243M
 Large Page Support: Disabled
 NUMA Support: Disabled
 Compressed Oops: Enabled (32-bit)
 Heap Region Size: 1M
 Heap Min Capacity: 256M
 Heap Initial Capacity: 256M
 Heap Max Capacity: 512M
 Pre-touch: Disabled
 Parallel Workers: 8
 Concurrent Workers: 2
 Concurrent Refinement Workers: 8
 Periodic GC: Disabled
Heap:
 garbage-first heap   total 262144K, used 71758K [0x00000000e0000000, 0x0000000100000000)
  region size 1024K, 34 young (34816K), 9 survivors (9216K)
 Metaspace       used 63178K, committed 64960K, reserved 393216K
  class space    used 9117K, committed 9984K, reserved 327680K
GC Heap History (14 events):
Event: 0.684 GC heap before
{Heap before GC invocations=0 (full 0):
 garbage-first heap   total 262144K, used 26624K [0x00000000e0000000, 0x0000000100000000)
  region size 1024K, 23 young (23552K), 0 survivors (0K)
 Metaspace       used 1115K, committed 1216K, reserved 393216K
  class space    used 85K, committed 128K, reserved 327680K
}
Event: 0.693 GC heap after
{Heap after GC invocations=1 (full 0):
 garbage-first heap   total 262144K, used 10623K [0x00000000e0000000, 0x0000000100000000)
  region size 1024K, 3 young (3072K), 3 survivors (3072K)
 Metaspace       used 1115K, committed 1216K, reserved 393216K
  class space    used 85K, committed 128K, reserved 327680K
}
Event: 1.450 GC heap before
{Heap before GC invocations=1 (full 0):
 garbage-first heap   total 262144K, used 41343K [0x00000000e0000000, 0x0000000100000000)
  region size 1024K, 33 young (33792K), 3 survivors (3072K)
 Metaspace       used 4272K, committed 4416K, reserved 393216K
  class space    used 547K, committed 640K, reserved 327680K
}
Event: 1.453 GC heap after
{Heap after GC invocations=2 (full 0):
 garbage-first heap   total 262144K, used 11795K [0x00000000e0000000, 0x0000000100000000)
  region size 1024K, 2 young (2048K), 2 survivors (2048K)
 Metaspace       used 4272K, committed 4416K, reserved 393216K
  class space    used 547K, committed 640K, reserved 327680K
}
Event: 4.555 GC heap before
{Heap before GC invocations=2 (full 0):
 garbage-first heap   total 262144K, used 143891K [0x00000000e0000000, 0x0000000100000000)
  region size 1024K, 130 young (133120K), 2 survivors (2048K)
 Metaspace       used 20824K, committed 21504K, reserved 393216K
  class space    used 3075K, committed 3392K, reserved 327680K
}
Event: 4.571 GC heap after
{Heap after GC invocations=3 (full 0):
 garbage-first heap   total 262144K, used 24846K [0x00000000e0000000, 0x0000000100000000)
  region size 1024K, 14 young (14336K), 14 survivors (14336K)
 Metaspace       used 20824K, committed 21504K, reserved 393216K
  class space    used 3075K, committed 3392K, reserved 327680K
}
Event: 6.846 GC heap before
{Heap before GC invocations=4 (full 0):
 garbage-first heap   total 262144K, used 115982K [0x00000000e0000000, 0x0000000100000000)
  region size 1024K, 105 young (107520K), 14 survivors (14336K)
 Metaspace       used 34742K, committed 35968K, reserved 393216K
  class space    used 5157K, committed 5760K, reserved 327680K
}
Event: 6.859 GC heap after
{Heap after GC invocations=5 (full 0):
 garbage-first heap   total 262144K, used 32948K [0x00000000e0000000, 0x0000000100000000)
  region size 1024K, 8 young (8192K), 8 survivors (8192K)
 Metaspace       used 34742K, committed 35968K, reserved 393216K
  class space    used 5157K, committed 5760K, reserved 327680K
}
Event: 11.679 GC heap before
{Heap before GC invocations=6 (full 0):
 garbage-first heap   total 262144K, used 187572K [0x00000000e0000000, 0x0000000100000000)
  region size 1024K, 153 young (156672K), 8 survivors (8192K)
 Metaspace       used 45289K, committed 46784K, reserved 393216K
  class space    used 6571K, committed 7296K, reserved 327680K
}
Event: 11.692 GC heap after
{Heap after GC invocations=7 (full 0):
 garbage-first heap   total 262144K, used 40593K [0x00000000e0000000, 0x0000000100000000)
  region size 1024K, 16 young (16384K), 16 survivors (16384K)
 Metaspace       used 45289K, committed 46784K, reserved 393216K
  class space    used 6571K, committed 7296K, reserved 327680K
}
Event: 14.822 GC heap before
{Heap before GC invocations=7 (full 0):
 garbage-first heap   total 262144K, used 180881K [0x00000000e0000000, 0x0000000100000000)
  region size 1024K, 153 young (156672K), 16 survivors (16384K)
 Metaspace       used 55033K, committed 56832K, reserved 393216K
  class space    used 8045K, committed 8960K, reserved 327680K
}
Event: 14.840 GC heap after
{Heap after GC invocations=8 (full 0):
 garbage-first heap   total 262144K, used 46810K [0x00000000e0000000, 0x0000000100000000)
  region size 1024K, 15 young (15360K), 15 survivors (15360K)
 Metaspace       used 55033K, committed 56832K, reserved 393216K
  class space    used 8045K, committed 8960K, reserved 327680K
}
Event: 15.469 GC heap before
{Heap before GC invocations=8 (full 0):
 garbage-first heap   total 262144K, used 66266K [0x00000000e0000000, 0x0000000100000000)
  region size 1024K, 35 young (35840K), 15 survivors (15360K)
 Metaspace       used 58359K, committed 60160K, reserved 393216K
  class space    used 8489K, committed 9408K, reserved 327680K
}
Event: 15.483 GC heap after
{Heap after GC invocations=9 (full 0):
 garbage-first heap   total 262144K, used 48206K [0x00000000e0000000, 0x0000000100000000)
  region size 1024K, 9 young (9216K), 9 survivors (9216K)
 Metaspace       used 58359K, committed 60160K, reserved 393216K
  class space    used 8489K, committed 9408K, reserved 327680K
}

