# JRE version: OpenJDK Runtime Environment Temurin-21.0.10+7 (21.0.10+7) (build 21.0.10+7-LTS)
# Java VM: OpenJDK 64-Bit Server VM Temurin-21.0.10+7 (21.0.10+7-LTS, mixed mode, sharing, tiered, compressed oops, compressed class ptrs, g1 gc, windows-amd64)
GC Precious Log:
 CardTable entry size: 512
 Card Set container configuration: InlinePtr #cards 5 size 8 Array Of Cards #cards 12 size 40 Howl #buckets 4 coarsen threshold 1843 Howl Bitmap #cards 512 size 80 coarsen threshold 460 Card regions per heap region 1 cards per card region 2048
 CPUs: 8 total, 8 available
 Memory: 24243M
 Large Page Support: Disabled
 NUMA Support: Disabled
 Compressed Oops: Enabled (32-bit)
 Heap Region Size: 1M
 Heap Min Capacity: 256M
 Heap Initial Capacity: 256M
 Heap Max Capacity: 512M
 Pre-touch: Disabled
 Parallel Workers: 8
 Concurrent Workers: 2
 Concurrent Refinement Workers: 8
 Periodic GC: Disabled
Heap:
 garbage-first heap   total 280576K, used 163735K [0x00000000e0000000, 0x0000000100000000)
  region size 1024K, 15 young (15360K), 6 survivors (6144K)
 Metaspace       used 51806K, committed 53504K, reserved 393216K
  class space    used 7404K, committed 8256K, reserved 327680K
GC Heap History (20 events):
Event: 0.760 GC heap before
{Heap before GC invocations=0 (full 0):
 garbage-first heap   total 262144K, used 26624K [0x00000000e0000000, 0x0000000100000000)
  region size 1024K, 23 young (23552K), 0 survivors (0K)
 Metaspace       used 1134K, committed 1216K, reserved 393216K
  class space    used 86K, committed 128K, reserved 327680K
}
Event: 0.773 GC heap after
{Heap after GC invocations=1 (full 0):
 garbage-first heap   total 262144K, used 10291K [0x00000000e0000000, 0x0000000100000000)
  region size 1024K, 3 young (3072K), 3 survivors (3072K)
 Metaspace       used 1134K, committed 1216K, reserved 393216K
  class space    used 86K, committed 128K, reserved 327680K
}
Event: 1.600 GC heap before
{Heap before GC invocations=1 (full 0):
 garbage-first heap   total 262144K, used 41011K [0x00000000e0000000, 0x0000000100000000)
  region size 1024K, 33 young (33792K), 3 survivors (3072K)
 Metaspace       used 4255K, committed 4416K, reserved 393216K
  class space    used 545K, committed 640K, reserved 327680K
}
Event: 1.604 GC heap after
{Heap after GC invocations=2 (full 0):
 garbage-first heap   total 262144K, used 12163K [0x00000000e0000000, 0x0000000100000000)
  region size 1024K, 2 young (2048K), 2 survivors (2048K)
 Metaspace       used 4255K, committed 4416K, reserved 393216K
  class space    used 545K, committed 640K, reserved 327680K
}
Event: 4.911 GC heap before
{Heap before GC invocations=2 (full 0):
 garbage-first heap   total 262144K, used 144259K [0x00000000e0000000, 0x0000000100000000)
  region size 1024K, 130 young (133120K), 2 survivors (2048K)
 Metaspace       used 20837K, committed 21504K, reserved 393216K
  class space    used 3080K, committed 3392K, reserved 327680K
}
Event: 4.923 GC heap after
{Heap after GC invocations=3 (full 0):
 garbage-first heap   total 262144K, used 25012K [0x00000000e0000000, 0x0000000100000000)
  region size 1024K, 14 young (14336K), 14 survivors (14336K)
 Metaspace       used 20837K, committed 21504K, reserved 393216K
  class space    used 3080K, committed 3392K, reserved 327680K
}
Event: 7.247 GC heap before
{Heap before GC invocations=4 (full 0):
 garbage-first heap   total 262144K, used 115124K [0x00000000e0000000, 0x0000000100000000)
  region size 1024K, 104 young (106496K), 14 survivors (14336K)
 Metaspace       used 34746K, committed 35968K, reserved 393216K
  class space    used 5164K, committed 5760K, reserved 327680K
}
Event: 7.263 GC heap after
{Heap after GC invocations=5 (full 0):
 garbage-first heap   total 262144K, used 32568K [0x00000000e0000000, 0x0000000100000000)
  region size 1024K, 8 young (8192K), 8 survivors (8192K)
 Metaspace       used 34746K, committed 35968K, reserved 393216K
  class space    used 5164K, committed 5760K, reserved 327680K
}
Event: 7.298 GC heap before
{Heap before GC invocations=5 (full 0):
 garbage-first heap   total 262144K, used 32568K [0x00000000e0000000, 0x0000000100000000)
  region size 1024K, 9 young (9216K), 8 survivors (8192K)
 Metaspace       used 35017K, committed 36288K, reserved 393216K
  class space    used 5179K, committed 5824K, reserved 327680K
}
Event: 7.306 GC heap after
{Heap after GC invocations=6 (full 0):
 garbage-first heap   total 262144K, used 32768K [0x00000000e0000000, 0x0000000100000000)
  region size 1024K, 7 young (7168K), 7 survivors (7168K)
 Metaspace       used 35017K, committed 36288K, reserved 393216K
  class space    used 5179K, committed 5824K, reserved 327680K
}
Event: 7.411 GC heap before
{Heap before GC invocations=6 (full 0):
 garbage-first heap   total 262144K, used 34816K [0x00000000e0000000, 0x0000000100000000)
  region size 1024K, 11 young (11264K), 7 survivors (7168K)
 Metaspace       used 35371K, committed 36608K, reserved 393216K
  class space    used 5219K, committed 5824K, reserved 327680K
}
Event: 7.418 GC heap after
{Heap after GC invocations=7 (full 0):
 garbage-first heap   total 262144K, used 33562K [0x00000000e0000000, 0x0000000100000000)
  region size 1024K, 8 young (8192K), 8 survivors (8192K)
 Metaspace       used 35371K, committed 36608K, reserved 393216K
  class space    used 5219K, committed 5824K, reserved 327680K
}
Event: 15.165 GC heap before
{Heap before GC invocations=8 (full 0):
 garbage-first heap   total 262144K, used 189210K [0x00000000e0000000, 0x0000000100000000)
  region size 1024K, 153 young (156672K), 8 survivors (8192K)
 Metaspace       used 48578K, committed 50240K, reserved 393216K
  class space    used 7049K, committed 7872K, reserved 327680K
}
Event: 15.179 GC heap after
{Heap after GC invocations=9 (full 0):
 garbage-first heap   total 262144K, used 45006K [0x00000000e0000000, 0x0000000100000000)
  region size 1024K, 19 young (19456K), 19 survivors (19456K)
 Metaspace       used 48578K, committed 50240K, reserved 393216K
  class space    used 7049K, committed 7872K, reserved 327680K
}
Event: 16.336 GC heap before
{Heap before GC invocations=9 (full 0):
 garbage-first heap   total 262144K, used 182222K [0x00000000e0000000, 0x0000000100000000)
  region size 1024K, 153 young (156672K), 19 survivors (19456K)
 Metaspace       used 50071K, committed 51840K, reserved 393216K
  class space    used 7260K, committed 8128K, reserved 327680K
}
Event: 16.351 GC heap after
{Heap after GC invocations=10 (full 0):
 garbage-first heap   total 262144K, used 70113K [0x00000000e0000000, 0x0000000100000000)
  region size 1024K, 20 young (20480K), 20 survivors (20480K)
 Metaspace       used 50071K, committed 51840K, reserved 393216K
  class space    used 7260K, committed 8128K, reserved 327680K
}
Event: 42.271 GC heap before
{Heap before GC invocations=10 (full 0):
 garbage-first heap   total 262144K, used 258529K [0x00000000e0000000, 0x0000000100000000)
  region size 1024K, 153 young (156672K), 20 survivors (20480K)
 Metaspace       used 51772K, committed 53504K, reserved 393216K
  class space    used 7403K, committed 8256K, reserved 327680K
}
Event: 42.281 GC heap after
{Heap after GC invocations=11 (full 0):
 garbage-first heap   total 280576K, used 121641K [0x00000000e0000000, 0x0000000100000000)
  region size 1024K, 17 young (17408K), 17 survivors (17408K)
 Metaspace       used 51772K, committed 53504K, reserved 393216K
  class space    used 7403K, committed 8256K, reserved 327680K
}
Event: 42.345 GC heap before
{Heap before GC invocations=11 (full 0):
 garbage-first heap   total 280576K, used 161577K [0x00000000e0000000, 0x0000000100000000)
  region size 1024K, 36 young (36864K), 17 survivors (17408K)
 Metaspace       used 51773K, committed 53504K, reserved 393216K
  class space    used 7403K, committed 8256K, reserved 327680K
}
Event: 42.350 GC heap after
{Heap after GC invocations=12 (full 0):
 garbage-first heap   total 280576K, used 148375K [0x00000000e0000000, 0x0000000100000000)
  region size 1024K, 6 young (6144K), 6 survivors (6144K)
 Metaspace       used 51773K, committed 53504K, reserved 393216K
  class space    used 7403K, committed 8256K, reserved 327680K
}

